Line 2, col 44: Symbol i already defined
Line 11, col 41: Symbol i already defined
Line 17, col 26: Reference to method funcao(double,int) is ambiguous
===== Class ola Symbol Table =====
funcao	(int,double)	int
funcao	(double,int)	void
funcao	(double,double)	double
funcao	(int,int)	int
main	(String[])	void

===== Method funcao(int,double) Symbol Table =====
return		int
i		int	param

===== Method funcao(double,int) Symbol Table =====
return		void
i		double	param
funcao		int	param
m		boolean

===== Method funcao(double,double) Symbol Table =====
return		double
i		double	param
funcao		double	param

===== Method funcao(int,int) Symbol Table =====
return		int
i		int	param

===== Method main(String[]) Symbol Table =====
return		void
args		String[]	param
n		int

Program
..Id(ola)
..MethodDecl
....MethodHeader
......Int
......Id(funcao)
......MethodParams
........ParamDecl
..........Int
..........Id(i)
........ParamDecl
..........Double
..........Id(i)
....MethodBody
..MethodDecl
....MethodHeader
......Void
......Id(funcao)
......MethodParams
........ParamDecl
..........Double
..........Id(i)
........ParamDecl
..........Int
..........Id(funcao)
....MethodBody
......VarDecl
........Bool
........Id(m)
..MethodDecl
....MethodHeader
......Double
......Id(funcao)
......MethodParams
........ParamDecl
..........Double
..........Id(i)
........ParamDecl
..........Double
..........Id(funcao)
....MethodBody
..MethodDecl
....MethodHeader
......Int
......Id(funcao)
......MethodParams
........ParamDecl
..........Int
..........Id(i)
........ParamDecl
..........Int
..........Id(i)
....MethodBody
..MethodDecl
....MethodHeader
......Void
......Id(main)
......MethodParams
........ParamDecl
..........StringArray
..........Id(args)
....MethodBody
......VarDecl
........Int
........Id(n)
......Print
........Call - undef
..........Id(funcao) - undef
..........RealLit(0.0) - double
..........DecLit(0) - int
